[0.000000] (-) TimerEvent: {}
[0.000205] (color_detection) JobQueued: {'identifier': 'color_detection', 'dependencies': OrderedDict()}
[0.000281] (lane_detection_py) JobQueued: {'identifier': 'lane_detection_py', 'dependencies': OrderedDict()}
[0.000315] (lidar_pkg) JobQueued: {'identifier': 'lidar_pkg', 'dependencies': OrderedDict()}
[0.001352] (line_following_bot) JobQueued: {'identifier': 'line_following_bot', 'dependencies': OrderedDict()}
[0.001485] (move_py) JobQueued: {'identifier': 'move_py', 'dependencies': OrderedDict()}
[0.001516] (my_bot) JobQueued: {'identifier': 'my_bot', 'dependencies': OrderedDict()}
[0.001573] (pump_track) JobQueued: {'identifier': 'pump_track', 'dependencies': OrderedDict()}
[0.001627] (text_detection) JobQueued: {'identifier': 'text_detection', 'dependencies': OrderedDict()}
[0.001659] (color_detection) JobStarted: {'identifier': 'color_detection'}
[0.022766] (lane_detection_py) JobStarted: {'identifier': 'lane_detection_py'}
[0.043542] (lidar_pkg) JobStarted: {'identifier': 'lidar_pkg'}
[0.060837] (line_following_bot) JobStarted: {'identifier': 'line_following_bot'}
[0.098577] (-) TimerEvent: {}
[0.199035] (-) TimerEvent: {}
[0.299370] (-) TimerEvent: {}
[0.399866] (-) TimerEvent: {}
[0.500406] (-) TimerEvent: {}
[0.600953] (-) TimerEvent: {}
[0.701297] (-) TimerEvent: {}
[0.733158] (lidar_pkg) JobProgress: {'identifier': 'lidar_pkg', 'progress': 'cmake'}
[0.734089] (lidar_pkg) JobProgress: {'identifier': 'lidar_pkg', 'progress': 'build'}
[0.734973] (lidar_pkg) Command: {'cmd': ['/home/choi/.local/bin/cmake', '--build', '/home/choi/angchicken_ros2_ws/build/lidar_pkg', '--', '-j4', '-l4'], 'cwd': '/home/choi/angchicken_ros2_ws/build/lidar_pkg', 'env': OrderedDict([('RCUTILS_LOGGING_BUFFERED_STREAM', '1'), ('GJS_DEBUG_TOPICS', 'JS ERROR;JS LOG'), ('LESSOPEN', '| /usr/bin/lesspipe %s'), ('USER', 'choi'), ('ROS_NAMESPACE', 'robot1'), ('SSH_AGENT_PID', '1533'), ('XDG_SESSION_TYPE', 'x11'), ('SHLVL', '1'), ('RCUTILS_CONSOLE_OUTPUT_FORMAT', '[{severity}]: {message}'), ('LD_LIBRARY_PATH', '/home/choi/my_bot_ws/install/ros2_control_demo_hardware/lib:/home/choi/my_bot_ws/install/odrive_hardware_interface/lib:/usr/lib/x86_64-linux-gnu/gazebo-11/plugins:/opt/ros/foxy/opt/yaml_cpp_vendor/lib:/opt/ros/foxy/opt/rviz_ogre_vendor/lib:/opt/ros/foxy/lib/x86_64-linux-gnu:/opt/ros/foxy/lib'), ('HOME', '/home/choi'), ('DESKTOP_SESSION', 'ubuntu'), ('GIO_LAUNCHED_DESKTOP_FILE', '/usr/share/applications/terminator.desktop'), ('ROS_PYTHON_VERSION', '3'), ('GNOME_SHELL_SESSION_MODE', 'ubuntu'), ('GTK_MODULES', 'gail:atk-bridge'), ('MANAGERPID', '1351'), ('DBUS_SESSION_BUS_ADDRESS', 'unix:path=/run/user/1000/bus'), ('COLORTERM', 'truecolor'), ('TERMINATOR_DBUS_NAME', 'net.tenshu.Terminator23558193cd9818af7fe4d2c2f5bd9d00f'), ('GIO_LAUNCHED_DESKTOP_FILE_PID', '1906'), ('_colcon_cd_root', '/home/choi/my_bot_ws'), ('MANDATORY_PATH', '/usr/share/gconf/ubuntu.mandatory.path'), ('IM_CONFIG_PHASE', '1'), ('COLCON_PREFIX_PATH', '/home/choi/angchicken_ros2_ws/install:/home/choi/my_bot_ws/install'), ('ROS_DISTRO', 'foxy'), ('LOGNAME', 'choi'), ('JOURNAL_STREAM', '8:41116'), ('_', '/usr/bin/colcon'), ('ROS_VERSION', '2'), ('XDG_SESSION_CLASS', 'user'), ('DEFAULTS_PATH', '/usr/share/gconf/ubuntu.default.path'), ('USERNAME', 'choi'), ('TERM', 'xterm-256color'), ('GAZEBO_MODEL_PATH', '/home/choi/my_bot_ws/install/rrbot_description/share'), ('GNOME_DESKTOP_SESSION_ID', 'this-is-deprecated'), ('ROS_LOCALHOST_ONLY', '0'), ('WINDOWPATH', '2'), ('PATH', '/opt/ros/foxy/bin:/home/choi/.local/bin:/usr/local/sbin:/usr/local/bin:/usr/sbin:/usr/bin:/sbin:/bin:/usr/games:/usr/local/games:/snap/bin'), ('SESSION_MANAGER', 'local/choi-desktop:@/tmp/.ICE-unix/1568,unix/choi-desktop:/tmp/.ICE-unix/1568'), ('INVOCATION_ID', 'cd0b1affb3524ea0b492bf879b5ffa5f'), ('XDG_MENU_PREFIX', 'gnome-'), ('XDG_RUNTIME_DIR', '/run/user/1000'), ('DISPLAY', ':1'), ('TERMINATOR_DBUS_PATH', '/net/tenshu/Terminator2'), ('LANG', 'en_US.UTF-8'), ('XDG_CURRENT_DESKTOP', 'ubuntu:GNOME'), ('RMW_IMPLEMENTATION', 'rmw_fastrtps_cpp'), ('XMODIFIERS', '@im=ibus'), ('XDG_SESSION_DESKTOP', 'ubuntu'), ('XAUTHORITY', '/run/user/1000/gdm/Xauthority'), ('LS_COLORS', 'rs=0:di=01;34:ln=01;36:mh=00:pi=40;33:so=01;35:do=01;35:bd=40;33;01:cd=40;33;01:or=40;31;01:mi=00:su=37;41:sg=30;43:ca=30;41:tw=30;42:ow=34;42:st=37;44:ex=01;32:*.tar=01;31:*.tgz=01;31:*.arc=01;31:*.arj=01;31:*.taz=01;31:*.lha=01;31:*.lz4=01;31:*.lzh=01;31:*.lzma=01;31:*.tlz=01;31:*.txz=01;31:*.tzo=01;31:*.t7z=01;31:*.zip=01;31:*.z=01;31:*.dz=01;31:*.gz=01;31:*.lrz=01;31:*.lz=01;31:*.lzo=01;31:*.xz=01;31:*.zst=01;31:*.tzst=01;31:*.bz2=01;31:*.bz=01;31:*.tbz=01;31:*.tbz2=01;31:*.tz=01;31:*.deb=01;31:*.rpm=01;31:*.jar=01;31:*.war=01;31:*.ear=01;31:*.sar=01;31:*.rar=01;31:*.alz=01;31:*.ace=01;31:*.zoo=01;31:*.cpio=01;31:*.7z=01;31:*.rz=01;31:*.cab=01;31:*.wim=01;31:*.swm=01;31:*.dwm=01;31:*.esd=01;31:*.jpg=01;35:*.jpeg=01;35:*.mjpg=01;35:*.mjpeg=01;35:*.gif=01;35:*.bmp=01;35:*.pbm=01;35:*.pgm=01;35:*.ppm=01;35:*.tga=01;35:*.xbm=01;35:*.xpm=01;35:*.tif=01;35:*.tiff=01;35:*.png=01;35:*.svg=01;35:*.svgz=01;35:*.mng=01;35:*.pcx=01;35:*.mov=01;35:*.mpg=01;35:*.mpeg=01;35:*.m2v=01;35:*.mkv=01;35:*.webm=01;35:*.ogm=01;35:*.mp4=01;35:*.m4v=01;35:*.mp4v=01;35:*.vob=01;35:*.qt=01;35:*.nuv=01;35:*.wmv=01;35:*.asf=01;35:*.rm=01;35:*.rmvb=01;35:*.flc=01;35:*.avi=01;35:*.fli=01;35:*.flv=01;35:*.gl=01;35:*.dl=01;35:*.xcf=01;35:*.xwd=01;35:*.yuv=01;35:*.cgm=01;35:*.emf=01;35:*.ogv=01;35:*.ogx=01;35:*.aac=00;36:*.au=00;36:*.flac=00;36:*.m4a=00;36:*.mid=00;36:*.midi=00;36:*.mka=00;36:*.mp3=00;36:*.mpc=00;36:*.ogg=00;36:*.ra=00;36:*.wav=00;36:*.oga=00;36:*.opus=00;36:*.spx=00;36:*.xspf=00;36:'), ('SSH_AUTH_SOCK', '/run/user/1000/keyring/ssh'), ('ROS_DOMAIN_ID', '7'), ('AMENT_PREFIX_PATH', '/home/choi/angchicken_ros2_ws/install/track_test:/home/choi/angchicken_ros2_ws/install/text_detection:/home/choi/angchicken_ros2_ws/install/pump_track:/home/choi/angchicken_ros2_ws/install/my_bot:/home/choi/angchicken_ros2_ws/install/move_py:/home/choi/angchicken_ros2_ws/install/line_following_bot:/home/choi/angchicken_ros2_ws/install/lidar_pkg:/home/choi/angchicken_ros2_ws/install/lane_detection_py:/home/choi/angchicken_ros2_ws/install/lane_detection_pkg:/home/choi/angchicken_ros2_ws/install/color_detection:/home/choi/my_bot_ws/install/web_video_server:/home/choi/my_bot_ws/install/two_wheel_demo:/home/choi/my_bot_ws/install/ros2_control_demos:/home/choi/my_bot_ws/install/ros2_control_demo_bringup:/home/choi/my_bot_ws/install/rrbot_description:/home/choi/my_bot_ws/install/ros2_control_test_nodes:/home/choi/my_bot_ws/install/ros2_control_demo_hardware:/home/choi/my_bot_ws/install/odrive_ros2_control:/home/choi/my_bot_ws/install/odrive_demo_bringup:/home/choi/my_bot_ws/install/odrive_demo_description:/home/choi/my_bot_ws/install/ros2_control_demo_description:/home/choi/my_bot_ws/install/py_pubsub:/home/choi/my_bot_ws/install/pump_track:/home/choi/my_bot_ws/install/odrive_hardware_interface:/home/choi/my_bot_ws/install/odrive_driver:/home/choi/my_bot_ws/install/my_bot:/home/choi/my_bot_ws/install/joy_tester:/home/choi/my_bot_ws/install/gogo:/home/choi/my_bot_ws/install/diffbot_description:/home/choi/my_bot_ws/install/diffbot_control_node:/home/choi/my_bot_ws/install/cv_basics:/home/choi/my_bot_ws/install/articubot_one:/opt/ros/foxy'), ('SHELL', '/bin/bash'), ('TERMINATOR_UUID', 'urn:uuid:94b1da86-698c-4272-b91f-ca3a8cfd613b'), ('QT_ACCESSIBILITY', '1'), ('GDMSESSION', 'ubuntu'), ('LESSCLOSE', '/usr/bin/lesspipe %s %s'), ('GPG_AGENT_INFO', '/run/user/1000/gnupg/S.gpg-agent:0:1'), ('GJS_DEBUG_OUTPUT', 'stderr'), ('QT_IM_MODULE', 'ibus'), ('RCUTILS_LOGGING_USE_STDOUT', '0'), ('PWD', '/home/choi/angchicken_ros2_ws/build/lidar_pkg'), ('LC_ALL', 'en_US.UTF-8'), ('XDG_CONFIG_DIRS', '/etc/xdg/xdg-ubuntu:/etc/xdg'), ('RCUTILS_COLORIZED_OUTPUT', '1'), ('XDG_DATA_DIRS', '/usr/share/ubuntu:/usr/local/share/:/usr/share/:/var/lib/snapd/desktop'), ('PYTHONPATH', '/home/choi/angchicken_ros2_ws/build/text_detection:/home/choi/angchicken_ros2_ws/install/text_detection/lib/python3.8/site-packages:/home/choi/angchicken_ros2_ws/build/pump_track:/home/choi/angchicken_ros2_ws/install/pump_track/lib/python3.8/site-packages:/home/choi/angchicken_ros2_ws/build/move_py:/home/choi/angchicken_ros2_ws/install/move_py/lib/python3.8/site-packages:/home/choi/angchicken_ros2_ws/build/line_following_bot:/home/choi/angchicken_ros2_ws/install/line_following_bot/lib/python3.8/site-packages:/home/choi/angchicken_ros2_ws/build/lane_detection_py:/home/choi/angchicken_ros2_ws/install/lane_detection_py/lib/python3.8/site-packages:/home/choi/angchicken_ros2_ws/install/lane_detection_pkg/lib/python3.8/site-packages:/home/choi/angchicken_ros2_ws/build/color_detection:/home/choi/angchicken_ros2_ws/install/color_detection/lib/python3.8/site-packages:/home/choi/my_bot_ws/build/two_wheel_demo:/home/choi/my_bot_ws/install/two_wheel_demo/lib/python3.8/site-packages:/home/choi/my_bot_ws/build/ros2_control_test_nodes:/home/choi/my_bot_ws/install/ros2_control_test_nodes/lib/python3.8/site-packages:/home/choi/my_bot_ws/build/py_pubsub:/home/choi/my_bot_ws/install/py_pubsub/lib/python3.8/site-packages:/home/choi/my_bot_ws/build/pump_track:/home/choi/my_bot_ws/install/pump_track/lib/python3.8/site-packages:/home/choi/my_bot_ws/build/odrive_driver:/home/choi/my_bot_ws/install/odrive_driver/lib/python3.8/site-packages:/home/choi/my_bot_ws/build/joy_tester:/home/choi/my_bot_ws/install/joy_tester/lib/python3.8/site-packages:/home/choi/my_bot_ws/build/diffbot_control_node:/home/choi/my_bot_ws/install/diffbot_control_node/lib/python3.8/site-packages:/home/choi/my_bot_ws/build/cv_basics:/home/choi/my_bot_ws/install/cv_basics/lib/python3.8/site-packages:/opt/ros/foxy/lib/python3.8/site-packages'), ('COLCON', '1'), ('VTE_VERSION', '6003'), ('CMAKE_PREFIX_PATH', '/home/choi/angchicken_ros2_ws/install/track_test:/home/choi/angchicken_ros2_ws/install/my_bot:/home/choi/angchicken_ros2_ws/install/lidar_pkg:/home/choi/my_bot_ws/install/web_video_server:/home/choi/my_bot_ws/install/ros2_control_demos:/home/choi/my_bot_ws/install/ros2_control_demo_bringup:/home/choi/my_bot_ws/install/rrbot_description:/home/choi/my_bot_ws/install/ros2_control_demo_hardware:/home/choi/my_bot_ws/install/odrive_ros2_control:/home/choi/my_bot_ws/install/odrive_demo_bringup:/home/choi/my_bot_ws/install/odrive_demo_description:/home/choi/my_bot_ws/install/ros2_control_demo_description:/home/choi/my_bot_ws/install/odrive_hardware_interface:/home/choi/my_bot_ws/install/my_bot:/home/choi/my_bot_ws/install/gogo:/home/choi/my_bot_ws/install/diffbot_description:/home/choi/my_bot_ws/install/articubot_one:/home/choi/angchicken_ros2_ws/install/text_detection:/home/choi/angchicken_ros2_ws/install/pump_track:/home/choi/angchicken_ros2_ws/install/move_py:/home/choi/angchicken_ros2_ws/install/line_following_bot:/home/choi/angchicken_ros2_ws/install/lane_detection_py:/home/choi/angchicken_ros2_ws/install/lane_detection_pkg:/home/choi/angchicken_ros2_ws/install/color_detection:/home/choi/my_bot_ws/install/two_wheel_demo:/home/choi/my_bot_ws/install/ros2_control_test_nodes:/home/choi/my_bot_ws/install/py_pubsub:/home/choi/my_bot_ws/install/pump_track:/home/choi/my_bot_ws/install/odrive_driver:/home/choi/my_bot_ws/install/joy_tester:/home/choi/my_bot_ws/install/diffbot_control_node:/home/choi/my_bot_ws/install/cv_basics:/opt/ros/foxy')]), 'shell': False}
[0.801527] (-) TimerEvent: {}
[0.816199] (lidar_pkg) StdoutLine: {'line': b'[100%] Built target lidar_code\n'}
[0.901575] (-) TimerEvent: {}
[1.001885] (-) TimerEvent: {}
[1.070233] (lidar_pkg) CommandEnded: {'returncode': 0}
[1.102036] (-) TimerEvent: {}
[1.150151] (lidar_pkg) JobProgress: {'identifier': 'lidar_pkg', 'progress': 'install'}
[1.202103] (-) TimerEvent: {}
[1.209717] (lidar_pkg) Command: {'cmd': ['/home/choi/.local/bin/cmake', '--install', '/home/choi/angchicken_ros2_ws/build/lidar_pkg'], 'cwd': '/home/choi/angchicken_ros2_ws/build/lidar_pkg', 'env': OrderedDict([('RCUTILS_LOGGING_BUFFERED_STREAM', '1'), ('GJS_DEBUG_TOPICS', 'JS ERROR;JS LOG'), ('LESSOPEN', '| /usr/bin/lesspipe %s'), ('USER', 'choi'), ('ROS_NAMESPACE', 'robot1'), ('SSH_AGENT_PID', '1533'), ('XDG_SESSION_TYPE', 'x11'), ('SHLVL', '1'), ('RCUTILS_CONSOLE_OUTPUT_FORMAT', '[{severity}]: {message}'), ('LD_LIBRARY_PATH', '/home/choi/my_bot_ws/install/ros2_control_demo_hardware/lib:/home/choi/my_bot_ws/install/odrive_hardware_interface/lib:/usr/lib/x86_64-linux-gnu/gazebo-11/plugins:/opt/ros/foxy/opt/yaml_cpp_vendor/lib:/opt/ros/foxy/opt/rviz_ogre_vendor/lib:/opt/ros/foxy/lib/x86_64-linux-gnu:/opt/ros/foxy/lib'), ('HOME', '/home/choi'), ('DESKTOP_SESSION', 'ubuntu'), ('GIO_LAUNCHED_DESKTOP_FILE', '/usr/share/applications/terminator.desktop'), ('ROS_PYTHON_VERSION', '3'), ('GNOME_SHELL_SESSION_MODE', 'ubuntu'), ('GTK_MODULES', 'gail:atk-bridge'), ('MANAGERPID', '1351'), ('DBUS_SESSION_BUS_ADDRESS', 'unix:path=/run/user/1000/bus'), ('COLORTERM', 'truecolor'), ('TERMINATOR_DBUS_NAME', 'net.tenshu.Terminator23558193cd9818af7fe4d2c2f5bd9d00f'), ('GIO_LAUNCHED_DESKTOP_FILE_PID', '1906'), ('_colcon_cd_root', '/home/choi/my_bot_ws'), ('MANDATORY_PATH', '/usr/share/gconf/ubuntu.mandatory.path'), ('IM_CONFIG_PHASE', '1'), ('COLCON_PREFIX_PATH', '/home/choi/angchicken_ros2_ws/install:/home/choi/my_bot_ws/install'), ('ROS_DISTRO', 'foxy'), ('LOGNAME', 'choi'), ('JOURNAL_STREAM', '8:41116'), ('_', '/usr/bin/colcon'), ('ROS_VERSION', '2'), ('XDG_SESSION_CLASS', 'user'), ('DEFAULTS_PATH', '/usr/share/gconf/ubuntu.default.path'), ('USERNAME', 'choi'), ('TERM', 'xterm-256color'), ('GAZEBO_MODEL_PATH', '/home/choi/my_bot_ws/install/rrbot_description/share'), ('GNOME_DESKTOP_SESSION_ID', 'this-is-deprecated'), ('ROS_LOCALHOST_ONLY', '0'), ('WINDOWPATH', '2'), ('PATH', '/opt/ros/foxy/bin:/home/choi/.local/bin:/usr/local/sbin:/usr/local/bin:/usr/sbin:/usr/bin:/sbin:/bin:/usr/games:/usr/local/games:/snap/bin'), ('SESSION_MANAGER', 'local/choi-desktop:@/tmp/.ICE-unix/1568,unix/choi-desktop:/tmp/.ICE-unix/1568'), ('INVOCATION_ID', 'cd0b1affb3524ea0b492bf879b5ffa5f'), ('XDG_MENU_PREFIX', 'gnome-'), ('XDG_RUNTIME_DIR', '/run/user/1000'), ('DISPLAY', ':1'), ('TERMINATOR_DBUS_PATH', '/net/tenshu/Terminator2'), ('LANG', 'en_US.UTF-8'), ('XDG_CURRENT_DESKTOP', 'ubuntu:GNOME'), ('RMW_IMPLEMENTATION', 'rmw_fastrtps_cpp'), ('XMODIFIERS', '@im=ibus'), ('XDG_SESSION_DESKTOP', 'ubuntu'), ('XAUTHORITY', '/run/user/1000/gdm/Xauthority'), ('LS_COLORS', 'rs=0:di=01;34:ln=01;36:mh=00:pi=40;33:so=01;35:do=01;35:bd=40;33;01:cd=40;33;01:or=40;31;01:mi=00:su=37;41:sg=30;43:ca=30;41:tw=30;42:ow=34;42:st=37;44:ex=01;32:*.tar=01;31:*.tgz=01;31:*.arc=01;31:*.arj=01;31:*.taz=01;31:*.lha=01;31:*.lz4=01;31:*.lzh=01;31:*.lzma=01;31:*.tlz=01;31:*.txz=01;31:*.tzo=01;31:*.t7z=01;31:*.zip=01;31:*.z=01;31:*.dz=01;31:*.gz=01;31:*.lrz=01;31:*.lz=01;31:*.lzo=01;31:*.xz=01;31:*.zst=01;31:*.tzst=01;31:*.bz2=01;31:*.bz=01;31:*.tbz=01;31:*.tbz2=01;31:*.tz=01;31:*.deb=01;31:*.rpm=01;31:*.jar=01;31:*.war=01;31:*.ear=01;31:*.sar=01;31:*.rar=01;31:*.alz=01;31:*.ace=01;31:*.zoo=01;31:*.cpio=01;31:*.7z=01;31:*.rz=01;31:*.cab=01;31:*.wim=01;31:*.swm=01;31:*.dwm=01;31:*.esd=01;31:*.jpg=01;35:*.jpeg=01;35:*.mjpg=01;35:*.mjpeg=01;35:*.gif=01;35:*.bmp=01;35:*.pbm=01;35:*.pgm=01;35:*.ppm=01;35:*.tga=01;35:*.xbm=01;35:*.xpm=01;35:*.tif=01;35:*.tiff=01;35:*.png=01;35:*.svg=01;35:*.svgz=01;35:*.mng=01;35:*.pcx=01;35:*.mov=01;35:*.mpg=01;35:*.mpeg=01;35:*.m2v=01;35:*.mkv=01;35:*.webm=01;35:*.ogm=01;35:*.mp4=01;35:*.m4v=01;35:*.mp4v=01;35:*.vob=01;35:*.qt=01;35:*.nuv=01;35:*.wmv=01;35:*.asf=01;35:*.rm=01;35:*.rmvb=01;35:*.flc=01;35:*.avi=01;35:*.fli=01;35:*.flv=01;35:*.gl=01;35:*.dl=01;35:*.xcf=01;35:*.xwd=01;35:*.yuv=01;35:*.cgm=01;35:*.emf=01;35:*.ogv=01;35:*.ogx=01;35:*.aac=00;36:*.au=00;36:*.flac=00;36:*.m4a=00;36:*.mid=00;36:*.midi=00;36:*.mka=00;36:*.mp3=00;36:*.mpc=00;36:*.ogg=00;36:*.ra=00;36:*.wav=00;36:*.oga=00;36:*.opus=00;36:*.spx=00;36:*.xspf=00;36:'), ('SSH_AUTH_SOCK', '/run/user/1000/keyring/ssh'), ('ROS_DOMAIN_ID', '7'), ('AMENT_PREFIX_PATH', '/home/choi/angchicken_ros2_ws/install/track_test:/home/choi/angchicken_ros2_ws/install/text_detection:/home/choi/angchicken_ros2_ws/install/pump_track:/home/choi/angchicken_ros2_ws/install/my_bot:/home/choi/angchicken_ros2_ws/install/move_py:/home/choi/angchicken_ros2_ws/install/line_following_bot:/home/choi/angchicken_ros2_ws/install/lidar_pkg:/home/choi/angchicken_ros2_ws/install/lane_detection_py:/home/choi/angchicken_ros2_ws/install/lane_detection_pkg:/home/choi/angchicken_ros2_ws/install/color_detection:/home/choi/my_bot_ws/install/web_video_server:/home/choi/my_bot_ws/install/two_wheel_demo:/home/choi/my_bot_ws/install/ros2_control_demos:/home/choi/my_bot_ws/install/ros2_control_demo_bringup:/home/choi/my_bot_ws/install/rrbot_description:/home/choi/my_bot_ws/install/ros2_control_test_nodes:/home/choi/my_bot_ws/install/ros2_control_demo_hardware:/home/choi/my_bot_ws/install/odrive_ros2_control:/home/choi/my_bot_ws/install/odrive_demo_bringup:/home/choi/my_bot_ws/install/odrive_demo_description:/home/choi/my_bot_ws/install/ros2_control_demo_description:/home/choi/my_bot_ws/install/py_pubsub:/home/choi/my_bot_ws/install/pump_track:/home/choi/my_bot_ws/install/odrive_hardware_interface:/home/choi/my_bot_ws/install/odrive_driver:/home/choi/my_bot_ws/install/my_bot:/home/choi/my_bot_ws/install/joy_tester:/home/choi/my_bot_ws/install/gogo:/home/choi/my_bot_ws/install/diffbot_description:/home/choi/my_bot_ws/install/diffbot_control_node:/home/choi/my_bot_ws/install/cv_basics:/home/choi/my_bot_ws/install/articubot_one:/opt/ros/foxy'), ('SHELL', '/bin/bash'), ('TERMINATOR_UUID', 'urn:uuid:94b1da86-698c-4272-b91f-ca3a8cfd613b'), ('QT_ACCESSIBILITY', '1'), ('GDMSESSION', 'ubuntu'), ('LESSCLOSE', '/usr/bin/lesspipe %s %s'), ('GPG_AGENT_INFO', '/run/user/1000/gnupg/S.gpg-agent:0:1'), ('GJS_DEBUG_OUTPUT', 'stderr'), ('QT_IM_MODULE', 'ibus'), ('RCUTILS_LOGGING_USE_STDOUT', '0'), ('PWD', '/home/choi/angchicken_ros2_ws/build/lidar_pkg'), ('LC_ALL', 'en_US.UTF-8'), ('XDG_CONFIG_DIRS', '/etc/xdg/xdg-ubuntu:/etc/xdg'), ('RCUTILS_COLORIZED_OUTPUT', '1'), ('XDG_DATA_DIRS', '/usr/share/ubuntu:/usr/local/share/:/usr/share/:/var/lib/snapd/desktop'), ('PYTHONPATH', '/home/choi/angchicken_ros2_ws/build/text_detection:/home/choi/angchicken_ros2_ws/install/text_detection/lib/python3.8/site-packages:/home/choi/angchicken_ros2_ws/build/pump_track:/home/choi/angchicken_ros2_ws/install/pump_track/lib/python3.8/site-packages:/home/choi/angchicken_ros2_ws/build/move_py:/home/choi/angchicken_ros2_ws/install/move_py/lib/python3.8/site-packages:/home/choi/angchicken_ros2_ws/build/line_following_bot:/home/choi/angchicken_ros2_ws/install/line_following_bot/lib/python3.8/site-packages:/home/choi/angchicken_ros2_ws/build/lane_detection_py:/home/choi/angchicken_ros2_ws/install/lane_detection_py/lib/python3.8/site-packages:/home/choi/angchicken_ros2_ws/install/lane_detection_pkg/lib/python3.8/site-packages:/home/choi/angchicken_ros2_ws/build/color_detection:/home/choi/angchicken_ros2_ws/install/color_detection/lib/python3.8/site-packages:/home/choi/my_bot_ws/build/two_wheel_demo:/home/choi/my_bot_ws/install/two_wheel_demo/lib/python3.8/site-packages:/home/choi/my_bot_ws/build/ros2_control_test_nodes:/home/choi/my_bot_ws/install/ros2_control_test_nodes/lib/python3.8/site-packages:/home/choi/my_bot_ws/build/py_pubsub:/home/choi/my_bot_ws/install/py_pubsub/lib/python3.8/site-packages:/home/choi/my_bot_ws/build/pump_track:/home/choi/my_bot_ws/install/pump_track/lib/python3.8/site-packages:/home/choi/my_bot_ws/build/odrive_driver:/home/choi/my_bot_ws/install/odrive_driver/lib/python3.8/site-packages:/home/choi/my_bot_ws/build/joy_tester:/home/choi/my_bot_ws/install/joy_tester/lib/python3.8/site-packages:/home/choi/my_bot_ws/build/diffbot_control_node:/home/choi/my_bot_ws/install/diffbot_control_node/lib/python3.8/site-packages:/home/choi/my_bot_ws/build/cv_basics:/home/choi/my_bot_ws/install/cv_basics/lib/python3.8/site-packages:/opt/ros/foxy/lib/python3.8/site-packages'), ('COLCON', '1'), ('VTE_VERSION', '6003'), ('CMAKE_PREFIX_PATH', '/home/choi/angchicken_ros2_ws/install/track_test:/home/choi/angchicken_ros2_ws/install/my_bot:/home/choi/angchicken_ros2_ws/install/lidar_pkg:/home/choi/my_bot_ws/install/web_video_server:/home/choi/my_bot_ws/install/ros2_control_demos:/home/choi/my_bot_ws/install/ros2_control_demo_bringup:/home/choi/my_bot_ws/install/rrbot_description:/home/choi/my_bot_ws/install/ros2_control_demo_hardware:/home/choi/my_bot_ws/install/odrive_ros2_control:/home/choi/my_bot_ws/install/odrive_demo_bringup:/home/choi/my_bot_ws/install/odrive_demo_description:/home/choi/my_bot_ws/install/ros2_control_demo_description:/home/choi/my_bot_ws/install/odrive_hardware_interface:/home/choi/my_bot_ws/install/my_bot:/home/choi/my_bot_ws/install/gogo:/home/choi/my_bot_ws/install/diffbot_description:/home/choi/my_bot_ws/install/articubot_one:/home/choi/angchicken_ros2_ws/install/text_detection:/home/choi/angchicken_ros2_ws/install/pump_track:/home/choi/angchicken_ros2_ws/install/move_py:/home/choi/angchicken_ros2_ws/install/line_following_bot:/home/choi/angchicken_ros2_ws/install/lane_detection_py:/home/choi/angchicken_ros2_ws/install/lane_detection_pkg:/home/choi/angchicken_ros2_ws/install/color_detection:/home/choi/my_bot_ws/install/two_wheel_demo:/home/choi/my_bot_ws/install/ros2_control_test_nodes:/home/choi/my_bot_ws/install/py_pubsub:/home/choi/my_bot_ws/install/pump_track:/home/choi/my_bot_ws/install/odrive_driver:/home/choi/my_bot_ws/install/joy_tester:/home/choi/my_bot_ws/install/diffbot_control_node:/home/choi/my_bot_ws/install/cv_basics:/opt/ros/foxy')]), 'shell': False}
[1.233251] (lidar_pkg) StderrLine: {'line': b'Fatal Python error: init_import_size: Failed to import the site module\n'}
[1.233714] (lidar_pkg) StderrLine: {'line': b'Python runtime state: initialized\n'}
[1.234057] (lidar_pkg) StderrLine: {'line': b'Traceback (most recent call last):\n'}
[1.234464] (lidar_pkg) StderrLine: {'line': b'  File "/home/choi/angchicken_ros2_ws/install/text_detection/lib/python3.8/site-packages/site.py", line 75, in <module>\n'}
[1.234800] (lidar_pkg) StderrLine: {'line': b'    __boot()\n'}
[1.235131] (lidar_pkg) StderrLine: {'line': b'  File "/home/choi/angchicken_ros2_ws/install/text_detection/lib/python3.8/site-packages/site.py", line 26, in __boot\n'}
[1.235610] (lidar_pkg) StderrLine: {'line': b'    import imp  # Avoid import loop in Python 3\n'}
[1.235953] (lidar_pkg) StderrLine: {'line': b'  File "/usr/lib/python3.8/imp.py", line 23, in <module>\n'}
[1.236469] (lidar_pkg) StderrLine: {'line': b'    from importlib import util\n'}
[1.236820] (lidar_pkg) StderrLine: {'line': b'  File "/usr/lib/python3.8/importlib/util.py", line 14, in <module>\n'}
[1.237319] (lidar_pkg) StderrLine: {'line': b'    from contextlib import contextmanager\n'}
[1.237439] (lidar_pkg) StderrLine: {'line': b'  File "/usr/lib/python3.8/contextlib.py", line 5, in <module>\n'}
[1.237924] (lidar_pkg) StderrLine: {'line': b'    from collections import deque\n'}
[1.238263] (lidar_pkg) StderrLine: {'line': b'  File "<frozen importlib._bootstrap>", line 991, in _find_and_load\n'}
[1.239409] (lidar_pkg) StderrLine: {'line': b'  File "<frozen importlib._bootstrap>", line 971, in _find_and_load_unlocked\n'}
[1.239590] (lidar_pkg) StderrLine: {'line': b'  File "<frozen importlib._bootstrap>", line 914, in _find_spec\n'}
[1.239662] (lidar_pkg) StderrLine: {'line': b'  File "<frozen importlib._bootstrap_external>", line 1407, in find_spec\n'}
[1.239728] (lidar_pkg) StderrLine: {'line': b'  File "<frozen importlib._bootstrap_external>", line 1379, in _get_spec\n'}
[1.239842] (lidar_pkg) StderrLine: {'line': b'  File "<frozen importlib._bootstrap_external>", line 1534, in find_spec\n'}
[1.240796] (lidar_pkg) StderrLine: {'line': b'  File "<frozen importlib._bootstrap_external>", line 123, in _path_join\n'}
[1.241174] (lidar_pkg) StderrLine: {'line': b'  File "<frozen importlib._bootstrap_external>", line 123, in <listcomp>\n'}
[1.241556] (lidar_pkg) StderrLine: {'line': b'KeyboardInterrupt\n'}
[1.244930] (lidar_pkg) CommandEnded: {'returncode': 1}
[1.258801] (color_detection) StderrLine: {'line': b'Traceback (most recent call last):\n  File "/usr/lib/python3/dist-packages/colcon_parallel_executor/executor/parallel.py", line 67, in execute\n    loop.run_until_complete(future)\n  File "/usr/lib/python3.8/asyncio/base_events.py", line 603, in run_until_complete\n    self.run_forever()\n  File "/usr/lib/python3.8/asyncio/base_events.py", line 570, in run_forever\n    self._run_once()\n  File "/usr/lib/python3.8/asyncio/base_events.py", line 1823, in _run_once\n    event_list = self._selector.select(timeout)\n  File "/usr/lib/python3.8/selectors.py", line 468, in select\n    fd_event_list = self._selector.poll(timeout, max_ev)\nKeyboardInterrupt\n\nDuring handling of the above exception, another exception occurred:\n\nTraceback (most recent call last):\n  File "/usr/lib/python3/dist-packages/colcon_core/executor/__init__.py", line 91, in __call__\n    rc = await self.task(*args, **kwargs)\n  File "/usr/lib/python3/dist-packages/colcon_core/task/__init__.py", line 93, in __call__\n    return await task_method(*args, **kwargs)\n  File "/usr/lib/python3/dist-packages/colcon_ros/task/ament_python/build.py", line 105, in build\n    return await extension.build(additional_hooks=additional_hooks)\n  File "/usr/lib/python3/dist-packages/colcon_core/task/python/build.py", line 81, in build\n    available_commands = await self._get_available_commands(\n  File "/usr/lib/python3/dist-packages/colcon_core/task/python/build.py", line 171, in _get_available_commands\n    output = await check_output(\n  File "/usr/lib/python3/dist-packages/colcon_core/subprocess.py", line 128, in check_output\n    assert not rc, f\'Expected {args} to pass: {stderr_data}\'\nAssertionError: Expected [\'/usr/bin/python3\', \'setup.py\', \'--help-commands\'] to pass: Traceback (most recent call last):\n  File "setup.py", line 1, in <module>\n    from setuptools import setup\n  File "/usr/lib/python3/dist-packages/setuptools/__init__.py", line 17, in <module>\n    import setuptools.version\n  File "/usr/lib/python3/dist-packages/setuptools/version.py", line 1, in <module>\n    import pkg_resources\n  File "/usr/lib/python3/dist-packages/pkg_resources/__init__.py", line 3254, in <module>\n    def _initialize_master_working_set():\n  File "/usr/lib/python3/dist-packages/pkg_resources/__init__.py", line 3237, in _call_aside\n    f(*args, **kwargs)\n  File "/usr/lib/python3/dist-packages/pkg_resources/__init__.py", line 3266, in _initialize_master_working_set\n    working_set = WorkingSet._build_master()\n  File "/usr/lib/python3/dist-packages/pkg_resources/__init__.py", line 575, in _build_master\n    ws = cls()\n  File "/usr/lib/python3/dist-packages/pkg_resources/__init__.py", line 568, in __init__\n    self.add_entry(entry)\n  File "/usr/lib/python3/dist-packages/pkg_resources/__init__.py", line 624, in add_entry\n    for dist in find_distributions(entry, True):\n  File "/usr/lib/python3/dist-packages/pkg_resources/__init__.py", line 2066, in find_on_path\n    for dist in factory(fullpath):\n  File "/usr/lib/python3/dist-packages/pkg_resources/__init__.py", line 2128, in distributions_from_metadata\n    if len(os.listdir(path)) == 0:\nKeyboardInterrupt\n\n'}
[1.259773] (color_detection) JobEnded: {'identifier': 'color_detection', 'rc': 'SIGINT'}
[1.260218] (line_following_bot) StderrLine: {'line': b'Traceback (most recent call last):\n  File "/usr/lib/python3/dist-packages/colcon_parallel_executor/executor/parallel.py", line 67, in execute\n    loop.run_until_complete(future)\n  File "/usr/lib/python3.8/asyncio/base_events.py", line 603, in run_until_complete\n    self.run_forever()\n  File "/usr/lib/python3.8/asyncio/base_events.py", line 570, in run_forever\n    self._run_once()\n  File "/usr/lib/python3.8/asyncio/base_events.py", line 1823, in _run_once\n    event_list = self._selector.select(timeout)\n  File "/usr/lib/python3.8/selectors.py", line 468, in select\n    fd_event_list = self._selector.poll(timeout, max_ev)\nKeyboardInterrupt\n\nDuring handling of the above exception, another exception occurred:\n\nTraceback (most recent call last):\n  File "/usr/lib/python3/dist-packages/colcon_core/executor/__init__.py", line 91, in __call__\n    rc = await self.task(*args, **kwargs)\n  File "/usr/lib/python3/dist-packages/colcon_core/task/__init__.py", line 93, in __call__\n    return await task_method(*args, **kwargs)\n  File "/usr/lib/python3/dist-packages/colcon_ros/task/ament_python/build.py", line 105, in build\n    return await extension.build(additional_hooks=additional_hooks)\n  File "/usr/lib/python3/dist-packages/colcon_core/task/python/build.py", line 81, in build\n    available_commands = await self._get_available_commands(\n  File "/usr/lib/python3/dist-packages/colcon_core/task/python/build.py", line 171, in _get_available_commands\n    output = await check_output(\n  File "/usr/lib/python3/dist-packages/colcon_core/subprocess.py", line 128, in check_output\n    assert not rc, f\'Expected {args} to pass: {stderr_data}\'\nAssertionError: Expected [\'/usr/bin/python3\', \'setup.py\', \'--help-commands\'] to pass: Traceback (most recent call last):\n  File "setup.py", line 1, in <module>\n    from setuptools import setup\n  File "/usr/lib/python3/dist-packages/setuptools/__init__.py", line 17, in <module>\n    import setuptools.version\n  File "/usr/lib/python3/dist-packages/setuptools/version.py", line 1, in <module>\n    import pkg_resources\n  File "/usr/lib/python3/dist-packages/pkg_resources/__init__.py", line 3254, in <module>\n    def _initialize_master_working_set():\n  File "/usr/lib/python3/dist-packages/pkg_resources/__init__.py", line 3237, in _call_aside\n    f(*args, **kwargs)\n  File "/usr/lib/python3/dist-packages/pkg_resources/__init__.py", line 3266, in _initialize_master_working_set\n    working_set = WorkingSet._build_master()\n  File "/usr/lib/python3/dist-packages/pkg_resources/__init__.py", line 575, in _build_master\n    ws = cls()\n  File "/usr/lib/python3/dist-packages/pkg_resources/__init__.py", line 568, in __init__\n    self.add_entry(entry)\n  File "/usr/lib/python3/dist-packages/pkg_resources/__init__.py", line 624, in add_entry\n    for dist in find_distributions(entry, True):\n  File "/usr/lib/python3/dist-packages/pkg_resources/__init__.py", line 2066, in find_on_path\n    for dist in factory(fullpath):\n  File "/usr/lib/python3/dist-packages/pkg_resources/__init__.py", line 2135, in distributions_from_metadata\n    yield Distribution.from_location(\n  File "/usr/lib/python3/dist-packages/pkg_resources/__init__.py", line 2592, in from_location\n    return cls(\n  File "/usr/lib/python3/dist-packages/pkg_resources/__init__.py", line 2996, in _reload_version\n    md_version = self._get_version()\n  File "/usr/lib/python3/dist-packages/pkg_resources/__init__.py", line 2774, in _get_version\n    version = _version_from_file(lines)\n  File "/usr/lib/python3/dist-packages/pkg_resources/__init__.py", line 2558, in _version_from_file\n    line = next(iter(version_lines), \'\')\n  File "/usr/lib/python3/dist-packages/pkg_resources/__init__.py", line 2769, in _get_metadata\n    for line in self.get_metadata_lines(name):\n  File "/usr/lib/python3/dist-packages/pkg_resources/__init__.py", line 1433, in get_metadata_lines\n    return yield_lines(self.get_metadata(name))\n  File "/usr/lib/python3/dist-packages/pkg_resources/__init__.py", line 1421, in get_metadata\n    value = self._get(path)\n  File "/usr/lib/python3/dist-packages/pkg_resources/__init__.py", line 1618, in _get\n    return stream.read()\nKeyboardInterrupt\n\n'}
[1.260610] (line_following_bot) JobEnded: {'identifier': 'line_following_bot', 'rc': 'SIGINT'}
[1.261424] (lane_detection_py) JobEnded: {'identifier': 'lane_detection_py', 'rc': 'SIGINT'}
[1.302221] (-) TimerEvent: {}
[1.321169] (lidar_pkg) JobEnded: {'identifier': 'lidar_pkg', 'rc': 'SIGINT'}
[1.331885] (move_py) JobSkipped: {'identifier': 'move_py'}
[1.331936] (my_bot) JobSkipped: {'identifier': 'my_bot'}
[1.331958] (pump_track) JobSkipped: {'identifier': 'pump_track'}
[1.331976] (text_detection) JobSkipped: {'identifier': 'text_detection'}
[1.331995] (-) EventReactorShutdown: {}
